<?xml version="1.0" encoding="UTF-8"?>
<testsuite xmlns:xsi="http://www.w3.org/2001/XMLSchema-instance" xsi:noNamespaceSchemaLocation="https://maven.apache.org/surefire/maven-surefire-plugin/xsd/surefire-test-report.xsd" name="controller.TesteGerenciaAndar" time="4.954" tests="18" errors="0" skipped="0" failures="0">
  <properties>
    <property name="awt.toolkit" value="sun.awt.X11.XToolkit"/>
    <property name="java.specification.version" value="11"/>
    <property name="sun.cpu.isalist" value=""/>
    <property name="sun.jnu.encoding" value="UTF-8"/>
    <property name="java.class.path" value="/home/pedropereira/Área de Trabalho/UTFPR/Manutencao/projeto-manutencao/gerenciamento_reservas_hotel/target/test-classes:/home/pedropereira/Área de Trabalho/UTFPR/Manutencao/projeto-manutencao/gerenciamento_reservas_hotel/target/classes:/home/pedropereira/.m2/repository/net/sf/jasperreports/jasperreports/6.19.1/jasperreports-6.19.1.jar:/home/pedropereira/.m2/repository/commons-beanutils/commons-beanutils/1.9.4/commons-beanutils-1.9.4.jar:/home/pedropereira/.m2/repository/commons-collections/commons-collections/3.2.2/commons-collections-3.2.2.jar:/home/pedropereira/.m2/repository/commons-digester/commons-digester/2.1/commons-digester-2.1.jar:/home/pedropereira/.m2/repository/commons-logging/commons-logging/1.1.1/commons-logging-1.1.1.jar:/home/pedropereira/.m2/repository/org/apache/commons/commons-collections4/4.2/commons-collections4-4.2.jar:/home/pedropereira/.m2/repository/com/lowagie/itext/2.1.7.js9/itext-2.1.7.js9.jar:/home/pedropereira/.m2/repository/org/bouncycastle/bcprov-jdk15on/1.68/bcprov-jdk15on-1.68.jar:/home/pedropereira/.m2/repository/org/jfree/jcommon/1.0.23/jcommon-1.0.23.jar:/home/pedropereira/.m2/repository/org/jfree/jfreechart/1.0.19/jfreechart-1.0.19.jar:/home/pedropereira/.m2/repository/org/eclipse/jdt/ecj/3.21.0/ecj-3.21.0.jar:/home/pedropereira/.m2/repository/com/fasterxml/jackson/core/jackson-core/2.13.1/jackson-core-2.13.1.jar:/home/pedropereira/.m2/repository/com/fasterxml/jackson/core/jackson-databind/2.13.1/jackson-databind-2.13.1.jar:/home/pedropereira/.m2/repository/com/fasterxml/jackson/core/jackson-annotations/2.13.1/jackson-annotations-2.13.1.jar:/home/pedropereira/.m2/repository/com/fasterxml/jackson/dataformat/jackson-dataformat-xml/2.13.1/jackson-dataformat-xml-2.13.1.jar:/home/pedropereira/.m2/repository/org/codehaus/woodstox/stax2-api/4.2.1/stax2-api-4.2.1.jar:/home/pedropereira/.m2/repository/com/fasterxml/woodstox/woodstox-core/6.2.7/woodstox-core-6.2.7.jar:/home/pedropereira/.m2/repository/net/sf/jasperreports/jasperreports-fonts/6.19.1/jasperreports-fonts-6.19.1.jar:/home/pedropereira/.m2/repository/net/sf/jasperreports/jasperreports-functions/6.19.1/jasperreports-functions-6.19.1.jar:/home/pedropereira/.m2/repository/com/toedter/jcalendar/1.4/jcalendar-1.4.jar:/home/pedropereira/.m2/repository/org/junit/jupiter/junit-jupiter-api/5.6.0/junit-jupiter-api-5.6.0.jar:/home/pedropereira/.m2/repository/org/apiguardian/apiguardian-api/1.1.0/apiguardian-api-1.1.0.jar:/home/pedropereira/.m2/repository/org/opentest4j/opentest4j/1.2.0/opentest4j-1.2.0.jar:/home/pedropereira/.m2/repository/org/junit/platform/junit-platform-commons/1.6.0/junit-platform-commons-1.6.0.jar:/home/pedropereira/.m2/repository/org/junit/jupiter/junit-jupiter-params/5.6.0/junit-jupiter-params-5.6.0.jar:/home/pedropereira/.m2/repository/org/junit/jupiter/junit-jupiter-engine/5.6.0/junit-jupiter-engine-5.6.0.jar:/home/pedropereira/.m2/repository/org/junit/platform/junit-platform-engine/1.6.0/junit-platform-engine-1.6.0.jar:/home/pedropereira/.m2/repository/org/mockito/mockito-all/1.10.19/mockito-all-1.10.19.jar:/home/pedropereira/.m2/repository/mysql/mysql-connector-java/8.0.29/mysql-connector-java-8.0.29.jar:/home/pedropereira/.m2/repository/com/google/protobuf/protobuf-java/3.19.4/protobuf-java-3.19.4.jar:"/>
    <property name="java.vm.vendor" value="Flathub"/>
    <property name="sun.arch.data.model" value="64"/>
    <property name="java.vendor.url" value="https://flathub.org"/>
    <property name="user.timezone" value=""/>
    <property name="java.vm.specification.version" value="11"/>
    <property name="os.name" value="Linux"/>
    <property name="user.country" value="BR"/>
    <property name="sun.java.launcher" value="SUN_STANDARD"/>
    <property name="sun.boot.library.path" value="/app/jdk/lib"/>
    <property name="sun.java.command" value="/home/pedropereira/Área de Trabalho/UTFPR/Manutencao/projeto-manutencao/gerenciamento_reservas_hotel/target/surefire/surefirebooter10840209879511182507.jar /home/pedropereira/Área de Trabalho/UTFPR/Manutencao/projeto-manutencao/gerenciamento_reservas_hotel/target/surefire 2022-06-06T22-07-06_785-jvmRun1 surefire15402012649260393071tmp surefire_016524966102413549237tmp"/>
    <property name="jdk.debug" value="release"/>
    <property name="surefire.test.class.path" value="/home/pedropereira/Área de Trabalho/UTFPR/Manutencao/projeto-manutencao/gerenciamento_reservas_hotel/target/test-classes:/home/pedropereira/Área de Trabalho/UTFPR/Manutencao/projeto-manutencao/gerenciamento_reservas_hotel/target/classes:/home/pedropereira/.m2/repository/net/sf/jasperreports/jasperreports/6.19.1/jasperreports-6.19.1.jar:/home/pedropereira/.m2/repository/commons-beanutils/commons-beanutils/1.9.4/commons-beanutils-1.9.4.jar:/home/pedropereira/.m2/repository/commons-collections/commons-collections/3.2.2/commons-collections-3.2.2.jar:/home/pedropereira/.m2/repository/commons-digester/commons-digester/2.1/commons-digester-2.1.jar:/home/pedropereira/.m2/repository/commons-logging/commons-logging/1.1.1/commons-logging-1.1.1.jar:/home/pedropereira/.m2/repository/org/apache/commons/commons-collections4/4.2/commons-collections4-4.2.jar:/home/pedropereira/.m2/repository/com/lowagie/itext/2.1.7.js9/itext-2.1.7.js9.jar:/home/pedropereira/.m2/repository/org/bouncycastle/bcprov-jdk15on/1.68/bcprov-jdk15on-1.68.jar:/home/pedropereira/.m2/repository/org/jfree/jcommon/1.0.23/jcommon-1.0.23.jar:/home/pedropereira/.m2/repository/org/jfree/jfreechart/1.0.19/jfreechart-1.0.19.jar:/home/pedropereira/.m2/repository/org/eclipse/jdt/ecj/3.21.0/ecj-3.21.0.jar:/home/pedropereira/.m2/repository/com/fasterxml/jackson/core/jackson-core/2.13.1/jackson-core-2.13.1.jar:/home/pedropereira/.m2/repository/com/fasterxml/jackson/core/jackson-databind/2.13.1/jackson-databind-2.13.1.jar:/home/pedropereira/.m2/repository/com/fasterxml/jackson/core/jackson-annotations/2.13.1/jackson-annotations-2.13.1.jar:/home/pedropereira/.m2/repository/com/fasterxml/jackson/dataformat/jackson-dataformat-xml/2.13.1/jackson-dataformat-xml-2.13.1.jar:/home/pedropereira/.m2/repository/org/codehaus/woodstox/stax2-api/4.2.1/stax2-api-4.2.1.jar:/home/pedropereira/.m2/repository/com/fasterxml/woodstox/woodstox-core/6.2.7/woodstox-core-6.2.7.jar:/home/pedropereira/.m2/repository/net/sf/jasperreports/jasperreports-fonts/6.19.1/jasperreports-fonts-6.19.1.jar:/home/pedropereira/.m2/repository/net/sf/jasperreports/jasperreports-functions/6.19.1/jasperreports-functions-6.19.1.jar:/home/pedropereira/.m2/repository/com/toedter/jcalendar/1.4/jcalendar-1.4.jar:/home/pedropereira/.m2/repository/org/junit/jupiter/junit-jupiter-api/5.6.0/junit-jupiter-api-5.6.0.jar:/home/pedropereira/.m2/repository/org/apiguardian/apiguardian-api/1.1.0/apiguardian-api-1.1.0.jar:/home/pedropereira/.m2/repository/org/opentest4j/opentest4j/1.2.0/opentest4j-1.2.0.jar:/home/pedropereira/.m2/repository/org/junit/platform/junit-platform-commons/1.6.0/junit-platform-commons-1.6.0.jar:/home/pedropereira/.m2/repository/org/junit/jupiter/junit-jupiter-params/5.6.0/junit-jupiter-params-5.6.0.jar:/home/pedropereira/.m2/repository/org/junit/jupiter/junit-jupiter-engine/5.6.0/junit-jupiter-engine-5.6.0.jar:/home/pedropereira/.m2/repository/org/junit/platform/junit-platform-engine/1.6.0/junit-platform-engine-1.6.0.jar:/home/pedropereira/.m2/repository/org/mockito/mockito-all/1.10.19/mockito-all-1.10.19.jar:/home/pedropereira/.m2/repository/mysql/mysql-connector-java/8.0.29/mysql-connector-java-8.0.29.jar:/home/pedropereira/.m2/repository/com/google/protobuf/protobuf-java/3.19.4/protobuf-java-3.19.4.jar:"/>
    <property name="sun.cpu.endian" value="little"/>
    <property name="user.home" value="/home/pedropereira"/>
    <property name="user.language" value="pt"/>
    <property name="java.specification.vendor" value="Oracle Corporation"/>
    <property name="java.version.date" value="2022-01-18"/>
    <property name="java.home" value="/app/jdk"/>
    <property name="file.separator" value="/"/>
    <property name="basedir" value="/home/pedropereira/Área de Trabalho/UTFPR/Manutencao/projeto-manutencao/gerenciamento_reservas_hotel"/>
    <property name="java.vm.compressedOopsMode" value="32-bit"/>
    <property name="line.separator" value="&#10;"/>
    <property name="java.specification.name" value="Java Platform API Specification"/>
    <property name="java.vm.specification.vendor" value="Oracle Corporation"/>
    <property name="java.awt.graphicsenv" value="sun.awt.X11GraphicsEnvironment"/>
    <property name="surefire.real.class.path" value="/home/pedropereira/Área de Trabalho/UTFPR/Manutencao/projeto-manutencao/gerenciamento_reservas_hotel/target/surefire/surefirebooter10840209879511182507.jar"/>
    <property name="sun.management.compiler" value="HotSpot 64-Bit Tiered Compilers"/>
    <property name="java.runtime.version" value="11.0.14+8"/>
    <property name="user.name" value="pedropereira"/>
    <property name="path.separator" value=":"/>
    <property name="os.version" value="5.15.0-35-generic"/>
    <property name="java.runtime.name" value="OpenJDK Runtime Environment"/>
    <property name="file.encoding" value="UTF-8"/>
    <property name="java.vm.name" value="OpenJDK 64-Bit Server VM"/>
    <property name="java.vendor.version" value="18.9"/>
    <property name="maven.ext.class.path" value="/app/netbeans/java/maven-nblib/netbeans-eventspy.jar"/>
    <property name="localRepository" value="/home/pedropereira/.m2/repository"/>
    <property name="java.vendor.url.bug" value="https://bugreport.java.com/bugreport/"/>
    <property name="java.io.tmpdir" value="/tmp"/>
    <property name="java.version" value="11.0.14"/>
    <property name="user.dir" value="/home/pedropereira/Área de Trabalho/UTFPR/Manutencao/projeto-manutencao/gerenciamento_reservas_hotel"/>
    <property name="os.arch" value="amd64"/>
    <property name="java.vm.specification.name" value="Java Virtual Machine Specification"/>
    <property name="java.awt.printerjob" value="sun.print.PSPrinterJob"/>
    <property name="sun.os.patch.level" value="unknown"/>
    <property name="java.library.path" value=":/usr/java/packages/lib:/usr/lib64:/lib64:/lib:/usr/lib"/>
    <property name="java.vm.info" value="mixed mode"/>
    <property name="java.vendor" value="Flathub"/>
    <property name="java.vm.version" value="11.0.14+8"/>
    <property name="sun.io.unicode.encoding" value="UnicodeLittle"/>
    <property name="java.class.version" value="55.0"/>
  </properties>
  <testcase name="testBuscarAndarMock" classname="controller.TesteGerenciaAndar" time="0.418"/>
  <testcase name="testThrowsExceptionExclusao" classname="controller.TesteGerenciaAndar" time="0.081"/>
  <testcase name="testCadastraQtdQuartoInvalido" classname="controller.TesteGerenciaAndar" time="0.269"/>
  <testcase name="testCadastraExistenteAndarQuartoValido" classname="controller.TesteGerenciaAndar" time="0.393"/>
  <testcase name="testExcluirAndarMock" classname="controller.TesteGerenciaAndar" time="0.17"/>
  <testcase name="testBuscaTodosAndar" classname="controller.TesteGerenciaAndar" time="0.321"/>
  <testcase name="testBuscaAndarNumInvalido" classname="controller.TesteGerenciaAndar" time="0.283"/>
  <testcase name="testBuscaAndarValido" classname="controller.TesteGerenciaAndar" time="0.213"/>
  <testcase name="testCadastrarAndarMock" classname="controller.TesteGerenciaAndar" time="0.205"/>
  <testcase name="testBuscaAndarInvalido" classname="controller.TesteGerenciaAndar" time="0.214"/>
  <testcase name="testExcluiAndar" classname="controller.TesteGerenciaAndar" time="0.242"/>
  <testcase name="testExcluiAndarInexistente" classname="controller.TesteGerenciaAndar" time="0.299"/>
  <testcase name="testThrowsExceptionCadastrar" classname="controller.TesteGerenciaAndar" time="0.077"/>
  <testcase name="testCadastraQtdAndarInvalido" classname="controller.TesteGerenciaAndar" time="0.19"/>
  <testcase name="testThrowsExceptionBuscarIdAndarInvalido" classname="controller.TesteGerenciaAndar" time="0.063"/>
  <testcase name="testCadastraAndarQuartoInvalido" classname="controller.TesteGerenciaAndar" time="0.183"/>
  <testcase name="testThrowsExceptionBuscarIdAndar" classname="controller.TesteGerenciaAndar" time="0.08"/>
  <testcase name="testCadastraNovoAndarQuartoValido" classname="controller.TesteGerenciaAndar" time="0.355"/>
</testsuite>