<?xml version="1.0" encoding="UTF-8"?>
<testsuite xmlns:xsi="http://www.w3.org/2001/XMLSchema-instance" xsi:noNamespaceSchemaLocation="https://maven.apache.org/surefire/maven-surefire-plugin/xsd/surefire-test-report.xsd" name="controller.TesteFuncionarios" time="1.267" tests="31" errors="0" skipped="0" failures="0">
  <properties>
    <property name="sun.desktop" value="gnome"/>
    <property name="awt.toolkit" value="sun.awt.X11.XToolkit"/>
    <property name="java.specification.version" value="11"/>
    <property name="sun.cpu.isalist" value=""/>
    <property name="sun.jnu.encoding" value="UTF-8"/>
    <property name="java.class.path" value="/home/pedropereira/Área de Trabalho/UTFPR/projeto-manutencao/gerenciamento_reservas_hotel/target/test-classes:/home/pedropereira/Área de Trabalho/UTFPR/projeto-manutencao/gerenciamento_reservas_hotel/target/classes:/home/pedropereira/.m2/repository/net/sf/jasperreports/jasperreports/6.19.1/jasperreports-6.19.1.jar:/home/pedropereira/.m2/repository/commons-beanutils/commons-beanutils/1.9.4/commons-beanutils-1.9.4.jar:/home/pedropereira/.m2/repository/commons-collections/commons-collections/3.2.2/commons-collections-3.2.2.jar:/home/pedropereira/.m2/repository/commons-digester/commons-digester/2.1/commons-digester-2.1.jar:/home/pedropereira/.m2/repository/commons-logging/commons-logging/1.1.1/commons-logging-1.1.1.jar:/home/pedropereira/.m2/repository/org/apache/commons/commons-collections4/4.2/commons-collections4-4.2.jar:/home/pedropereira/.m2/repository/com/lowagie/itext/2.1.7.js9/itext-2.1.7.js9.jar:/home/pedropereira/.m2/repository/org/bouncycastle/bcprov-jdk15on/1.68/bcprov-jdk15on-1.68.jar:/home/pedropereira/.m2/repository/org/jfree/jcommon/1.0.23/jcommon-1.0.23.jar:/home/pedropereira/.m2/repository/org/jfree/jfreechart/1.0.19/jfreechart-1.0.19.jar:/home/pedropereira/.m2/repository/org/eclipse/jdt/ecj/3.21.0/ecj-3.21.0.jar:/home/pedropereira/.m2/repository/com/fasterxml/jackson/core/jackson-core/2.13.1/jackson-core-2.13.1.jar:/home/pedropereira/.m2/repository/com/fasterxml/jackson/core/jackson-databind/2.13.1/jackson-databind-2.13.1.jar:/home/pedropereira/.m2/repository/com/fasterxml/jackson/core/jackson-annotations/2.13.1/jackson-annotations-2.13.1.jar:/home/pedropereira/.m2/repository/com/fasterxml/jackson/dataformat/jackson-dataformat-xml/2.13.1/jackson-dataformat-xml-2.13.1.jar:/home/pedropereira/.m2/repository/org/codehaus/woodstox/stax2-api/4.2.1/stax2-api-4.2.1.jar:/home/pedropereira/.m2/repository/com/fasterxml/woodstox/woodstox-core/6.2.7/woodstox-core-6.2.7.jar:/home/pedropereira/.m2/repository/net/sf/jasperreports/jasperreports-fonts/6.19.1/jasperreports-fonts-6.19.1.jar:/home/pedropereira/.m2/repository/net/sf/jasperreports/jasperreports-functions/6.19.1/jasperreports-functions-6.19.1.jar:/home/pedropereira/.m2/repository/com/toedter/jcalendar/1.4/jcalendar-1.4.jar:/home/pedropereira/.m2/repository/org/junit/jupiter/junit-jupiter-api/5.6.0/junit-jupiter-api-5.6.0.jar:/home/pedropereira/.m2/repository/org/apiguardian/apiguardian-api/1.1.0/apiguardian-api-1.1.0.jar:/home/pedropereira/.m2/repository/org/opentest4j/opentest4j/1.2.0/opentest4j-1.2.0.jar:/home/pedropereira/.m2/repository/org/junit/platform/junit-platform-commons/1.6.0/junit-platform-commons-1.6.0.jar:/home/pedropereira/.m2/repository/org/junit/jupiter/junit-jupiter-params/5.6.0/junit-jupiter-params-5.6.0.jar:/home/pedropereira/.m2/repository/org/junit/jupiter/junit-jupiter-engine/5.6.0/junit-jupiter-engine-5.6.0.jar:/home/pedropereira/.m2/repository/org/junit/platform/junit-platform-engine/1.6.0/junit-platform-engine-1.6.0.jar:/home/pedropereira/.m2/repository/org/mockito/mockito-all/1.10.19/mockito-all-1.10.19.jar:/home/pedropereira/.m2/repository/mysql/mysql-connector-java/8.0.23/mysql-connector-java-8.0.23.jar:/home/pedropereira/.m2/repository/com/google/protobuf/protobuf-java/3.11.4/protobuf-java-3.11.4.jar:"/>
    <property name="java.vm.vendor" value="Flathub"/>
    <property name="sun.arch.data.model" value="64"/>
    <property name="java.vendor.url" value="https://flathub.org"/>
    <property name="user.timezone" value=""/>
    <property name="java.vm.specification.version" value="11"/>
    <property name="os.name" value="Linux"/>
    <property name="user.country" value="BR"/>
    <property name="sun.java.launcher" value="SUN_STANDARD"/>
    <property name="sun.boot.library.path" value="/app/jdk/lib"/>
    <property name="sun.java.command" value="/home/pedropereira/Área de Trabalho/UTFPR/projeto-manutencao/gerenciamento_reservas_hotel/target/surefire/surefirebooter11216270273175666376.jar /home/pedropereira/Área de Trabalho/UTFPR/projeto-manutencao/gerenciamento_reservas_hotel/target/surefire 2022-05-25T15-40-16_761-jvmRun1 surefire10256407564174891728tmp surefire_0569129795472488640tmp"/>
    <property name="jdk.debug" value="release"/>
    <property name="surefire.test.class.path" value="/home/pedropereira/Área de Trabalho/UTFPR/projeto-manutencao/gerenciamento_reservas_hotel/target/test-classes:/home/pedropereira/Área de Trabalho/UTFPR/projeto-manutencao/gerenciamento_reservas_hotel/target/classes:/home/pedropereira/.m2/repository/net/sf/jasperreports/jasperreports/6.19.1/jasperreports-6.19.1.jar:/home/pedropereira/.m2/repository/commons-beanutils/commons-beanutils/1.9.4/commons-beanutils-1.9.4.jar:/home/pedropereira/.m2/repository/commons-collections/commons-collections/3.2.2/commons-collections-3.2.2.jar:/home/pedropereira/.m2/repository/commons-digester/commons-digester/2.1/commons-digester-2.1.jar:/home/pedropereira/.m2/repository/commons-logging/commons-logging/1.1.1/commons-logging-1.1.1.jar:/home/pedropereira/.m2/repository/org/apache/commons/commons-collections4/4.2/commons-collections4-4.2.jar:/home/pedropereira/.m2/repository/com/lowagie/itext/2.1.7.js9/itext-2.1.7.js9.jar:/home/pedropereira/.m2/repository/org/bouncycastle/bcprov-jdk15on/1.68/bcprov-jdk15on-1.68.jar:/home/pedropereira/.m2/repository/org/jfree/jcommon/1.0.23/jcommon-1.0.23.jar:/home/pedropereira/.m2/repository/org/jfree/jfreechart/1.0.19/jfreechart-1.0.19.jar:/home/pedropereira/.m2/repository/org/eclipse/jdt/ecj/3.21.0/ecj-3.21.0.jar:/home/pedropereira/.m2/repository/com/fasterxml/jackson/core/jackson-core/2.13.1/jackson-core-2.13.1.jar:/home/pedropereira/.m2/repository/com/fasterxml/jackson/core/jackson-databind/2.13.1/jackson-databind-2.13.1.jar:/home/pedropereira/.m2/repository/com/fasterxml/jackson/core/jackson-annotations/2.13.1/jackson-annotations-2.13.1.jar:/home/pedropereira/.m2/repository/com/fasterxml/jackson/dataformat/jackson-dataformat-xml/2.13.1/jackson-dataformat-xml-2.13.1.jar:/home/pedropereira/.m2/repository/org/codehaus/woodstox/stax2-api/4.2.1/stax2-api-4.2.1.jar:/home/pedropereira/.m2/repository/com/fasterxml/woodstox/woodstox-core/6.2.7/woodstox-core-6.2.7.jar:/home/pedropereira/.m2/repository/net/sf/jasperreports/jasperreports-fonts/6.19.1/jasperreports-fonts-6.19.1.jar:/home/pedropereira/.m2/repository/net/sf/jasperreports/jasperreports-functions/6.19.1/jasperreports-functions-6.19.1.jar:/home/pedropereira/.m2/repository/com/toedter/jcalendar/1.4/jcalendar-1.4.jar:/home/pedropereira/.m2/repository/org/junit/jupiter/junit-jupiter-api/5.6.0/junit-jupiter-api-5.6.0.jar:/home/pedropereira/.m2/repository/org/apiguardian/apiguardian-api/1.1.0/apiguardian-api-1.1.0.jar:/home/pedropereira/.m2/repository/org/opentest4j/opentest4j/1.2.0/opentest4j-1.2.0.jar:/home/pedropereira/.m2/repository/org/junit/platform/junit-platform-commons/1.6.0/junit-platform-commons-1.6.0.jar:/home/pedropereira/.m2/repository/org/junit/jupiter/junit-jupiter-params/5.6.0/junit-jupiter-params-5.6.0.jar:/home/pedropereira/.m2/repository/org/junit/jupiter/junit-jupiter-engine/5.6.0/junit-jupiter-engine-5.6.0.jar:/home/pedropereira/.m2/repository/org/junit/platform/junit-platform-engine/1.6.0/junit-platform-engine-1.6.0.jar:/home/pedropereira/.m2/repository/org/mockito/mockito-all/1.10.19/mockito-all-1.10.19.jar:/home/pedropereira/.m2/repository/mysql/mysql-connector-java/8.0.23/mysql-connector-java-8.0.23.jar:/home/pedropereira/.m2/repository/com/google/protobuf/protobuf-java/3.11.4/protobuf-java-3.11.4.jar:"/>
    <property name="sun.cpu.endian" value="little"/>
    <property name="user.home" value="/home/pedropereira"/>
    <property name="user.language" value="pt"/>
    <property name="java.specification.vendor" value="Oracle Corporation"/>
    <property name="java.version.date" value="2022-01-18"/>
    <property name="java.home" value="/app/jdk"/>
    <property name="file.separator" value="/"/>
    <property name="basedir" value="/home/pedropereira/Área de Trabalho/UTFPR/projeto-manutencao/gerenciamento_reservas_hotel"/>
    <property name="java.vm.compressedOopsMode" value="32-bit"/>
    <property name="line.separator" value="&#10;"/>
    <property name="java.specification.name" value="Java Platform API Specification"/>
    <property name="java.vm.specification.vendor" value="Oracle Corporation"/>
    <property name="java.awt.graphicsenv" value="sun.awt.X11GraphicsEnvironment"/>
    <property name="surefire.real.class.path" value="/home/pedropereira/Área de Trabalho/UTFPR/projeto-manutencao/gerenciamento_reservas_hotel/target/surefire/surefirebooter11216270273175666376.jar"/>
    <property name="sun.management.compiler" value="HotSpot 64-Bit Tiered Compilers"/>
    <property name="java.runtime.version" value="11.0.14+8"/>
    <property name="user.name" value="pedropereira"/>
    <property name="path.separator" value=":"/>
    <property name="os.version" value="5.15.0-33-generic"/>
    <property name="java.runtime.name" value="OpenJDK Runtime Environment"/>
    <property name="file.encoding" value="UTF-8"/>
    <property name="java.vm.name" value="OpenJDK 64-Bit Server VM"/>
    <property name="java.vendor.version" value="18.9"/>
    <property name="maven.ext.class.path" value="/app/netbeans/java/maven-nblib/netbeans-eventspy.jar"/>
    <property name="localRepository" value="/home/pedropereira/.m2/repository"/>
    <property name="java.vendor.url.bug" value="https://bugreport.java.com/bugreport/"/>
    <property name="java.io.tmpdir" value="/tmp"/>
    <property name="java.version" value="11.0.14"/>
    <property name="user.dir" value="/home/pedropereira/Área de Trabalho/UTFPR/projeto-manutencao/gerenciamento_reservas_hotel"/>
    <property name="os.arch" value="amd64"/>
    <property name="java.vm.specification.name" value="Java Virtual Machine Specification"/>
    <property name="java.awt.printerjob" value="sun.print.PSPrinterJob"/>
    <property name="sun.os.patch.level" value="unknown"/>
    <property name="java.library.path" value=":/usr/java/packages/lib:/usr/lib64:/lib64:/lib:/usr/lib"/>
    <property name="java.vm.info" value="mixed mode"/>
    <property name="java.vendor" value="Flathub"/>
    <property name="java.vm.version" value="11.0.14+8"/>
    <property name="sun.io.unicode.encoding" value="UnicodeLittle"/>
    <property name="java.class.version" value="55.0"/>
  </properties>
  <testcase name="testBuscarAndarMock" classname="controller.TesteFuncionarios" time="0.04"/>
  <testcase name="testThrowExceptionExcluir" classname="controller.TesteFuncionarios" time="0.036"/>
  <testcase name="testThrowExceptionCadastro" classname="controller.TesteFuncionarios" time="0.039"/>
  <testcase name="testCadastroFuncionariosValidos" classname="controller.TesteFuncionarios" time="0.044"/>
  <testcase name="testThrowExceptiosGetFuncionarios" classname="controller.TesteFuncionarios" time="0.044"/>
  <testcase name="testPesquisarFuncionariosInvalida" classname="controller.TesteFuncionarios" time="0.042"/>
  <testcase name="testEditarFuncionariosValidos" classname="controller.TesteFuncionarios" time="0.045"/>
  <testcase name="testPesquisarFuncionariosVazio" classname="controller.TesteFuncionarios" time="0.037"/>
  <testcase name="testEditarAndarMock" classname="controller.TesteFuncionarios" time="0.036"/>
  <testcase name="testThrowExceptionEditar" classname="controller.TesteFuncionarios" time="0.038"/>
  <testcase name="testExcluirAndarMock" classname="controller.TesteFuncionarios" time="0.037"/>
  <testcase name="testPesquisarFuncionariosValida" classname="controller.TesteFuncionarios" time="0.04"/>
  <testcase name="testExcluirFuncionariosValido" classname="controller.TesteFuncionarios" time="0.049"/>
  <testcase name="testValidaCadatroEmailErradoMock" classname="controller.TesteFuncionarios" time="0.043"/>
  <testcase name="testThrowExceptiosValidaLogin" classname="controller.TesteFuncionarios" time="0.042"/>
  <testcase name="testNenhumFuncionariosSelecionadoParaEditar" classname="controller.TesteFuncionarios" time="0.043"/>
  <testcase name="testThrowExceptionPesquisaFuncionarios" classname="controller.TesteFuncionarios" time="0.034"/>
  <testcase name="testThrowExceptiosLoginInvalido" classname="controller.TesteFuncionarios" time="0.033"/>
  <testcase name="testThrowExceptiosListaFuncionarios" classname="controller.TesteFuncionarios" time="0.044"/>
  <testcase name="testThrowExceptiosListaLoginsInvalidos" classname="controller.TesteFuncionarios" time="0.035"/>
  <testcase name="testCadastrarAndarMock" classname="controller.TesteFuncionarios" time="0.045"/>
  <testcase name="testThrowExceptiosListaFuncionariosInvalidos" classname="controller.TesteFuncionarios" time="0.036"/>
  <testcase name="testThrowExceptiosGetFuncionariosInvalidos" classname="controller.TesteFuncionarios" time="0.035"/>
  <testcase name="testCadastroFuncionariosCamposVazios" classname="controller.TesteFuncionarios" time="0.036"/>
  <testcase name="testFuncionarioNaoExisteParaExcluir" classname="controller.TesteFuncionarios" time="0.038"/>
  <testcase name="testValidaEditarEmailErradoMock" classname="controller.TesteFuncionarios" time="0.039"/>
  <testcase name="testThrowExceptiosListarFuncionarios" classname="controller.TesteFuncionarios" time="0.044"/>
  <testcase name="testNenhumFuncionarioSelecionadoParaExcluir" classname="controller.TesteFuncionarios" time="0.039"/>
  <testcase name="testEditarFuncionariosCamposVazios" classname="controller.TesteFuncionarios" time="0.052"/>
  <testcase name="testThrowExceptiosListaNomesInvalidos" classname="controller.TesteFuncionarios" time="0.042"/>
  <testcase name="testThrowExceptiosNomesFuncionarios" classname="controller.TesteFuncionarios" time="0.041"/>
</testsuite>