<?xml version="1.0" encoding="UTF-8"?>
<testsuite xmlns:xsi="http://www.w3.org/2001/XMLSchema-instance" xsi:noNamespaceSchemaLocation="https://maven.apache.org/surefire/maven-surefire-plugin/xsd/surefire-test-report.xsd" name="controller.TesteReserva" time="22.147" tests="53" errors="0" skipped="0" failures="0">
  <properties>
    <property name="sun.desktop" value="windows"/>
    <property name="awt.toolkit" value="sun.awt.windows.WToolkit"/>
    <property name="java.specification.version" value="11"/>
    <property name="sun.cpu.isalist" value="amd64"/>
    <property name="sun.jnu.encoding" value="Cp1252"/>
    <property name="java.class.path" value="C:\Users\pedro\Desktop\Materiais_UTFPR\8_PERIODO\projeto-manutencao\gerenciamento_reservas_hotel\target\test-classes;C:\Users\pedro\Desktop\Materiais_UTFPR\8_PERIODO\projeto-manutencao\gerenciamento_reservas_hotel\target\classes;C:\Users\pedro\.m2\repository\com\toedter\jcalendar\1.4\jcalendar-1.4.jar;C:\Users\pedro\.m2\repository\org\junit\jupiter\junit-jupiter-api\5.6.0\junit-jupiter-api-5.6.0.jar;C:\Users\pedro\.m2\repository\org\apiguardian\apiguardian-api\1.1.0\apiguardian-api-1.1.0.jar;C:\Users\pedro\.m2\repository\org\opentest4j\opentest4j\1.2.0\opentest4j-1.2.0.jar;C:\Users\pedro\.m2\repository\org\junit\platform\junit-platform-commons\1.6.0\junit-platform-commons-1.6.0.jar;C:\Users\pedro\.m2\repository\org\junit\jupiter\junit-jupiter-params\5.6.0\junit-jupiter-params-5.6.0.jar;C:\Users\pedro\.m2\repository\org\junit\jupiter\junit-jupiter-engine\5.6.0\junit-jupiter-engine-5.6.0.jar;C:\Users\pedro\.m2\repository\org\junit\platform\junit-platform-engine\1.6.0\junit-platform-engine-1.6.0.jar;C:\Users\pedro\.m2\repository\org\mockito\mockito-all\1.10.19\mockito-all-1.10.19.jar;C:\Users\pedro\.m2\repository\mysql\mysql-connector-java\8.0.23\mysql-connector-java-8.0.23.jar;C:\Users\pedro\.m2\repository\com\google\protobuf\protobuf-java\3.11.4\protobuf-java-3.11.4.jar;"/>
    <property name="java.vm.vendor" value="Oracle Corporation"/>
    <property name="sun.arch.data.model" value="64"/>
    <property name="user.variant" value=""/>
    <property name="java.vendor.url" value="https://openjdk.java.net/"/>
    <property name="user.timezone" value="America/Sao_Paulo"/>
    <property name="java.vm.specification.version" value="11"/>
    <property name="os.name" value="Windows 10"/>
    <property name="user.country" value="BR"/>
    <property name="sun.java.launcher" value="SUN_STANDARD"/>
    <property name="sun.boot.library.path" value="C:\Program Files\Java\jdk-11.0.13\bin"/>
    <property name="sun.java.command" value="C:\Users\pedro\AppData\Local\Temp\surefire9221118035469378968\surefirebooter12269124710320053327.jar C:\Users\pedro\AppData\Local\Temp\surefire9221118035469378968 2022-05-06T19-31-54_973-jvmRun1 surefire13485058605449053502tmp surefire_017054675001167825005tmp"/>
    <property name="jdk.debug" value="release"/>
    <property name="surefire.test.class.path" value="C:\Users\pedro\Desktop\Materiais_UTFPR\8_PERIODO\projeto-manutencao\gerenciamento_reservas_hotel\target\test-classes;C:\Users\pedro\Desktop\Materiais_UTFPR\8_PERIODO\projeto-manutencao\gerenciamento_reservas_hotel\target\classes;C:\Users\pedro\.m2\repository\com\toedter\jcalendar\1.4\jcalendar-1.4.jar;C:\Users\pedro\.m2\repository\org\junit\jupiter\junit-jupiter-api\5.6.0\junit-jupiter-api-5.6.0.jar;C:\Users\pedro\.m2\repository\org\apiguardian\apiguardian-api\1.1.0\apiguardian-api-1.1.0.jar;C:\Users\pedro\.m2\repository\org\opentest4j\opentest4j\1.2.0\opentest4j-1.2.0.jar;C:\Users\pedro\.m2\repository\org\junit\platform\junit-platform-commons\1.6.0\junit-platform-commons-1.6.0.jar;C:\Users\pedro\.m2\repository\org\junit\jupiter\junit-jupiter-params\5.6.0\junit-jupiter-params-5.6.0.jar;C:\Users\pedro\.m2\repository\org\junit\jupiter\junit-jupiter-engine\5.6.0\junit-jupiter-engine-5.6.0.jar;C:\Users\pedro\.m2\repository\org\junit\platform\junit-platform-engine\1.6.0\junit-platform-engine-1.6.0.jar;C:\Users\pedro\.m2\repository\org\mockito\mockito-all\1.10.19\mockito-all-1.10.19.jar;C:\Users\pedro\.m2\repository\mysql\mysql-connector-java\8.0.23\mysql-connector-java-8.0.23.jar;C:\Users\pedro\.m2\repository\com\google\protobuf\protobuf-java\3.11.4\protobuf-java-3.11.4.jar;"/>
    <property name="sun.cpu.endian" value="little"/>
    <property name="user.home" value="C:\Users\pedro"/>
    <property name="user.language" value="pt"/>
    <property name="java.specification.vendor" value="Oracle Corporation"/>
    <property name="java.version.date" value="2021-10-19"/>
    <property name="java.home" value="C:\Program Files\Java\jdk-11.0.13"/>
    <property name="file.separator" value="\"/>
    <property name="basedir" value="C:\Users\pedro\Desktop\Materiais_UTFPR\8_PERIODO\projeto-manutencao\gerenciamento_reservas_hotel"/>
    <property name="java.vm.compressedOopsMode" value="32-bit"/>
    <property name="line.separator" value="&#10;"/>
    <property name="java.specification.name" value="Java Platform API Specification"/>
    <property name="java.vm.specification.vendor" value="Oracle Corporation"/>
    <property name="java.awt.graphicsenv" value="sun.awt.Win32GraphicsEnvironment"/>
    <property name="surefire.real.class.path" value="C:\Users\pedro\AppData\Local\Temp\surefire9221118035469378968\surefirebooter12269124710320053327.jar"/>
    <property name="user.script" value=""/>
    <property name="sun.management.compiler" value="HotSpot 64-Bit Tiered Compilers"/>
    <property name="java.runtime.version" value="11.0.13+10-LTS-370"/>
    <property name="user.name" value="pedro"/>
    <property name="path.separator" value=";"/>
    <property name="os.version" value="10.0"/>
    <property name="java.runtime.name" value="Java(TM) SE Runtime Environment"/>
    <property name="file.encoding" value="UTF-8"/>
    <property name="java.vm.name" value="Java HotSpot(TM) 64-Bit Server VM"/>
    <property name="java.vendor.version" value="18.9"/>
    <property name="maven.ext.class.path" value="C:\Program Files\NetBeans-13\netbeans\java\maven-nblib\netbeans-eventspy.jar"/>
    <property name="localRepository" value="C:\Users\pedro\.m2\repository"/>
    <property name="java.vendor.url.bug" value="https://bugreport.java.com/bugreport/"/>
    <property name="java.io.tmpdir" value="C:\Users\pedro\AppData\Local\Temp\"/>
    <property name="java.version" value="11.0.13"/>
    <property name="user.dir" value="C:\Users\pedro\Desktop\Materiais_UTFPR\8_PERIODO\projeto-manutencao\gerenciamento_reservas_hotel"/>
    <property name="os.arch" value="amd64"/>
    <property name="java.vm.specification.name" value="Java Virtual Machine Specification"/>
    <property name="java.awt.printerjob" value="sun.awt.windows.WPrinterJob"/>
    <property name="sun.os.patch.level" value=""/>
    <property name="java.library.path" value="C:\Program Files\Java\jdk-11.0.13\bin;C:\Windows\Sun\Java\bin;C:\Windows\system32;C:\Windows;C:\Program Files (x86)\Common Files\Oracle\Java\javapath;C:\Users\pedro\AppData\Local\Programs\Python\Python310\Lib\site-packages\PyQt5;C:\Program Files\Common Files\Oracle\Java\javapath;C:\ProgramData\Oracle\Java\javapath;C:\Windows\system32;C:\Windows;C:\Windows\System32\Wbem;C:\Windows\System32\WindowsPowerShell\v1.0\;C:\Windows\System32\OpenSSH\;c:\opt\apache-maven-3.8.4\bin;C:\Program Files\Java\jdk-11.0.13\bin;C:\Program Files\Git\cmd;C:\Program Files\nodejs\;C:\Program Files\Docker\Docker\resources\bin;C:\ProgramData\DockerDesktop\version-bin;C:\Program Files\OpenSSL-Win64\bin;C:\Users\pedro\AppData\Local\Programs\Python\Python39\Scripts\;C:\Users\pedro\AppData\Local\Programs\Python\Python39\;C:\Users\pedro\AppData\Local\Microsoft\WindowsApps;C:\Users\pedro\AppData\Local\Programs\Microsoft VS Code\bin;C:\Users\pedro\AppData\Local\Programs\oh-my-posh\bin;C:\Users\pedro\AppData\Roaming\npm;C:\Program Files\OpenSSL-Win64\bin;;."/>
    <property name="java.vendor" value="Oracle Corporation"/>
    <property name="java.vm.info" value="mixed mode"/>
    <property name="java.vm.version" value="11.0.13+10-LTS-370"/>
    <property name="sun.io.unicode.encoding" value="UnicodeLittle"/>
    <property name="java.class.version" value="55.0"/>
  </properties>
  <testcase name="testeEditarReservaMockQuartoIdMenorUm" classname="controller.TesteReserva" time="0.253"/>
  <testcase name="testeEditarReservaMockDocEmpty" classname="controller.TesteReserva" time="0.288"/>
  <testcase name="testeEditarReservaMockDocNulll" classname="controller.TesteReserva" time="0.265"/>
  <testcase name="testeBuscarNomeDocumentoReservas" classname="controller.TesteReserva" time="0.291"/>
  <testcase name="testeCadastroReservaMock" classname="controller.TesteReserva" time="4.867"/>
  <testcase name="testeBuscaReservasNomeDocCliMock" classname="controller.TesteReserva" time="0.269"/>
  <testcase name="testeBuscaReservasNumQuartoMenorUm" classname="controller.TesteReserva" time="0.243"/>
  <testcase name="testeCadastroReservaMockContatoEmpty" classname="controller.TesteReserva" time="0.236"/>
  <testcase name="testeEditarReservaMockContatoNull" classname="controller.TesteReserva" time="0.229"/>
  <testcase name="testeCadastroReservaMockNomeEmpty" classname="controller.TesteReserva" time="0.256"/>
  <testcase name="testeCadastroReservaMockNomeNulll" classname="controller.TesteReserva" time="0.249"/>
  <testcase name="testeEditarReservaMock" classname="controller.TesteReserva" time="0.267"/>
  <testcase name="testDataMaiorQue14Dias" classname="controller.TesteReserva" time="0.992"/>
  <testcase name="testeBuscaReservasEntradaQuartoMock" classname="controller.TesteReserva" time="0.274"/>
  <testcase name="testeExcluirReservaMockQuartoIdMenorUm" classname="controller.TesteReserva" time="0.255"/>
  <testcase name="testeCadastroReservaMockFuncIdMenorUm" classname="controller.TesteReserva" time="0.266"/>
  <testcase name="testeBuscarTodasReservas" classname="controller.TesteReserva" time="0.275"/>
  <testcase name="testeCadastroReservaMockDocEmpty" classname="controller.TesteReserva" time="0.251"/>
  <testcase name="testeCadastroReservaMockDocNulll" classname="controller.TesteReserva" time="0.254"/>
  <testcase name="testeEditarReservaMockContatoEmptyFormatacao" classname="controller.TesteReserva" time="0.253"/>
  <testcase name="testeEditarReservaMockNomeEmpty" classname="controller.TesteReserva" time="0.27"/>
  <testcase name="testeEditarReservaMockNomeNulll" classname="controller.TesteReserva" time="0.228"/>
  <testcase name="testeEditarReservas" classname="controller.TesteReserva" time="0.254"/>
  <testcase name="testeBuscarDocumentoReservas" classname="controller.TesteReserva" time="0.27"/>
  <testcase name="testeExcluirReservaMock" classname="controller.TesteReserva" time="0.244"/>
  <testcase name="testeBuscaTodasReservasMock" classname="controller.TesteReserva" time="0.257"/>
  <testcase name="testeExcluirReservaMockEntradaEmptyFormatacao" classname="controller.TesteReserva" time="0.225"/>
  <testcase name="testeCadastroReservaMockContatoEmptyFormatacao" classname="controller.TesteReserva" time="0.23"/>
  <testcase name="testeCadastroReservas" classname="controller.TesteReserva" time="0.255"/>
  <testcase name="testeBuscaReservasNomeCliMock" classname="controller.TesteReserva" time="0.24"/>
  <testcase name="testeBuscarSaidaQuartoReservas" classname="controller.TesteReserva" time="0.285"/>
  <testcase name="testeCadastroReservaMockQuartoIdMenorUm" classname="controller.TesteReserva" time="0.241"/>
  <testcase name="testeEditarReservaMockEntradaEmpty" classname="controller.TesteReserva" time="0.242"/>
  <testcase name="testeCadastroReservaMockEntradaNull" classname="controller.TesteReserva" time="0.227"/>
  <testcase name="testeBuscaReservasEntradaSaidaQuartoMock" classname="controller.TesteReserva" time="0.248"/>
  <testcase name="testDataValida" classname="controller.TesteReserva" time="1.364"/>
  <testcase name="testeExcluirReservaMockEntradaNull" classname="controller.TesteReserva" time="0.25"/>
  <testcase name="testeBuscaReservasSaidaQuartoMock" classname="controller.TesteReserva" time="0.22"/>
  <testcase name="testeBuscarNomeReservas" classname="controller.TesteReserva" time="0.259"/>
  <testcase name="testeBuscarEntradaSaidaQuartoReservas" classname="controller.TesteReserva" time="0.274"/>
  <testcase name="testeCadastroReservaMockEntradaEmpty" classname="controller.TesteReserva" time="0.241"/>
  <testcase name="testDataInicioAnteriorADataAtual" classname="controller.TesteReserva" time="0.977"/>
  <testcase name="testeEditarReservaMockEntradaEmptyFormatacao" classname="controller.TesteReserva" time="0.254"/>
  <testcase name="testConvertStringDate" classname="controller.TesteReserva" time="0.264"/>
  <testcase name="testeExcluirReservaMockEntradaEmpty" classname="controller.TesteReserva" time="0.266"/>
  <testcase name="testeCadastroReservaMockContatoNull" classname="controller.TesteReserva" time="0.255"/>
  <testcase name="testeEditarReservaMockEntradaNull" classname="controller.TesteReserva" time="0.225"/>
  <testcase name="testeCadastroReservaMockEntradaEmptyFormatacao" classname="controller.TesteReserva" time="0.325"/>
  <testcase name="testeEditarReservaMockContatoEmpty" classname="controller.TesteReserva" time="0.249"/>
  <testcase name="testDataFimAnteriorADataInicio" classname="controller.TesteReserva" time="0.756"/>
  <testcase name="testeBuscarEntradaQuartoReservas" classname="controller.TesteReserva" time="0.279"/>
  <testcase name="testDataFimIgualADataInicio" classname="controller.TesteReserva" time="0.9"/>
  <testcase name="testeBuscaReservasDocCliMock" classname="controller.TesteReserva" time="0.263"/>
</testsuite>